2018-07-05 10:29:37,625 - DEBUG - The current page is 1
2018-07-05 10:30:33,483 - DEBUG - The current page is 2
2018-07-05 10:31:27,651 - DEBUG - The current page is 3
2018-07-05 10:32:19,149 - DEBUG - The current page is 4
2018-07-05 10:33:16,212 - DEBUG - The current page is 5
2018-07-05 10:34:11,416 - DEBUG - The current page is 6
2018-07-05 10:35:10,966 - DEBUG - The current page is 7
2018-07-05 10:36:04,958 - DEBUG - The current page is 8
2018-07-05 10:36:56,839 - DEBUG - The current page is 9
2018-07-05 10:37:50,626 - DEBUG - The current page is 10
2018-07-05 10:38:43,425 - DEBUG - The current page is 11
2018-07-05 10:39:33,915 - DEBUG - The current page is 12
2018-07-05 10:40:25,979 - DEBUG - The current page is 13
2018-07-05 10:41:25,213 - DEBUG - The current page is 14
2018-07-05 10:42:17,268 - DEBUG - The current page is 15
2018-07-05 10:43:13,605 - DEBUG - The current page is 16
2018-07-05 10:44:18,393 - DEBUG - The current page is 17
2018-07-05 10:45:13,334 - DEBUG - The current page is 18
2018-07-05 10:46:08,335 - DEBUG - The current page is 19
2018-07-05 10:47:00,558 - DEBUG - The current page is 20
2018-07-05 10:47:52,235 - DEBUG - The current page is 21
2018-07-05 10:48:44,445 - DEBUG - The current page is 22
2018-07-05 10:49:41,281 - DEBUG - The current page is 23
2018-07-05 10:50:38,383 - DEBUG - The current page is 24
2018-07-05 10:51:30,250 - DEBUG - The current page is 25
2018-07-05 10:52:24,700 - DEBUG - The current page is 26
2018-07-05 10:53:28,295 - DEBUG - The current page is 27
2018-07-05 10:54:28,576 - DEBUG - The current page is 28
2018-07-05 10:55:29,093 - DEBUG - The current page is 29
2018-07-05 10:56:38,818 - DEBUG - The current page is 30
2018-07-05 10:57:35,109 - DEBUG - The current page is 31
2018-07-05 10:58:33,683 - DEBUG - The current page is 32
2018-07-05 10:59:26,571 - DEBUG - The current page is 33
2018-07-05 11:00:06,384 - DEBUG - The current page is 34
2018-07-05 11:01:01,929 - DEBUG - The current page is 35
2018-07-05 11:01:55,504 - DEBUG - The current page is 36
2018-07-05 11:02:50,336 - DEBUG - The current page is 37
2018-07-05 11:03:41,505 - DEBUG - The current page is 38
2018-07-05 11:04:29,195 - DEBUG - The current page is 39
2018-07-05 11:05:23,470 - DEBUG - The current page is 40
2018-07-05 11:06:20,353 - DEBUG - The current page is 41
2018-07-05 11:07:22,540 - DEBUG - The current page is 42
2018-07-05 11:08:19,216 - DEBUG - The current page is 43
2018-07-05 11:09:05,300 - DEBUG - The current page is 44
2018-07-05 11:09:53,413 - DEBUG - The current page is 45
2018-07-05 11:10:45,882 - DEBUG - The current page is 46
2018-07-05 11:11:37,937 - DEBUG - The current page is 47
2018-07-05 11:12:32,283 - DEBUG - The current page is 48
2018-07-05 11:13:24,039 - DEBUG - The current page is 49
2018-07-05 11:14:13,016 - DEBUG - The current page is 50
2018-07-05 11:15:07,781 - DEBUG - The current page is 51
2018-07-05 11:16:02,597 - DEBUG - The current page is 52
2018-07-05 11:16:55,071 - DEBUG - The current page is 53
2018-07-05 11:17:55,621 - DEBUG - The current page is 54
2018-07-05 11:18:54,034 - DEBUG - The current page is 55
2018-07-05 11:19:49,117 - DEBUG - The current page is 56
2018-07-05 11:20:38,045 - DEBUG - The current page is 57
2018-07-05 11:21:28,273 - DEBUG - The current page is 58
2018-07-05 11:22:18,748 - DEBUG - The current page is 59
2018-07-05 11:23:11,520 - DEBUG - The current page is 60
2018-07-05 11:24:03,313 - DEBUG - The current page is 61
2018-07-05 11:24:58,501 - DEBUG - The current page is 62
2018-07-05 11:25:54,448 - DEBUG - The current page is 63
2018-07-05 11:26:49,350 - DEBUG - The current page is 64
2018-07-05 11:27:43,975 - DEBUG - The current page is 65
2018-07-05 11:28:37,225 - DEBUG - The current page is 66
2018-07-05 11:29:31,814 - DEBUG - The current page is 67
2018-07-05 11:30:28,764 - DEBUG - The current page is 68
2018-07-05 11:31:24,210 - DEBUG - The current page is 69
2018-07-05 11:32:17,586 - DEBUG - The current page is 70
2018-07-05 11:33:08,354 - DEBUG - The current page is 71
2018-07-05 11:34:03,980 - DEBUG - The current page is 72
2018-07-05 11:35:05,816 - DEBUG - The current page is 73
2018-07-05 11:36:05,183 - DEBUG - The current page is 74
2018-07-05 11:37:05,197 - DEBUG - The current page is 75
2018-07-05 11:37:59,654 - DEBUG - The current page is 76
2018-07-05 11:38:50,450 - DEBUG - The current page is 77
2018-07-05 11:39:44,509 - DEBUG - The current page is 78
2018-07-05 11:40:37,006 - DEBUG - The current page is 79
2018-07-05 11:41:36,336 - DEBUG - The current page is 80
2018-07-05 11:42:31,379 - DEBUG - The current page is 81
2018-07-05 11:43:24,102 - DEBUG - The current page is 82
2018-07-05 11:44:19,355 - DEBUG - The current page is 83
2018-07-05 11:45:12,387 - DEBUG - The current page is 84
2018-07-05 11:46:11,120 - DEBUG - The current page is 85
2018-07-05 11:47:01,007 - DEBUG - The current page is 86
2018-07-05 11:47:53,938 - DEBUG - The current page is 87
2018-07-05 11:48:53,951 - DEBUG - The current page is 88
2018-07-05 11:49:43,623 - DEBUG - The current page is 89
2018-07-05 11:50:45,306 - DEBUG - The current page is 90
2018-07-05 11:51:41,631 - DEBUG - The current page is 91
2018-07-05 11:52:29,808 - DEBUG - The current page is 92
2018-07-05 11:53:19,019 - DEBUG - The current page is 93
2018-07-05 11:54:07,622 - DEBUG - The current page is 94
2018-07-05 11:55:01,014 - DEBUG - The current page is 95
2018-07-05 11:55:56,525 - DEBUG - The current page is 96
2018-07-05 11:56:56,054 - DEBUG - The current page is 97
2018-07-05 11:57:50,813 - DEBUG - The current page is 98
2018-07-05 11:58:38,322 - DEBUG - The current page is 99
2018-07-05 11:59:35,182 - DEBUG - The current page is 100
2018-07-05 12:00:35,212 - DEBUG - The current page is 101
2018-07-05 12:01:30,997 - DEBUG - The current page is 102
2018-07-05 12:02:23,157 - DEBUG - The current page is 103
2018-07-05 12:03:28,028 - DEBUG - The current page is 104
2018-07-05 12:04:29,251 - DEBUG - The current page is 105
2018-07-05 12:05:27,889 - DEBUG - The current page is 106
2018-07-05 12:06:19,802 - DEBUG - The current page is 107
2018-07-05 12:07:21,683 - DEBUG - The current page is 108
2018-07-05 12:08:17,458 - DEBUG - The current page is 109
2018-07-05 12:09:12,966 - DEBUG - The current page is 110
2018-07-05 12:10:06,562 - DEBUG - The current page is 111
2018-07-05 12:10:55,950 - DEBUG - The current page is 112
2018-07-05 12:11:53,080 - DEBUG - The current page is 113
2018-07-05 12:12:45,155 - DEBUG - The current page is 114
2018-07-05 12:13:46,609 - DEBUG - The current page is 115
2018-07-05 12:14:44,165 - DEBUG - The current page is 116
2018-07-05 12:15:45,122 - DEBUG - The current page is 117
2018-07-05 12:16:46,411 - DEBUG - The current page is 118
2018-07-05 12:17:48,726 - DEBUG - The current page is 119
2018-07-05 12:18:41,820 - DEBUG - The current page is 120
2018-07-05 12:19:32,702 - DEBUG - The current page is 121
2018-07-05 12:20:34,654 - DEBUG - The current page is 122
2018-07-05 12:21:33,286 - DEBUG - The current page is 123
2018-07-05 12:22:25,614 - DEBUG - The current page is 124
2018-07-05 12:23:21,952 - DEBUG - The current page is 125
2018-07-05 12:24:14,239 - DEBUG - The current page is 126
2018-07-05 12:25:10,588 - DEBUG - The current page is 127
2018-07-05 12:26:03,523 - DEBUG - The current page is 128
2018-07-05 12:26:57,351 - DEBUG - The current page is 129
2018-07-05 12:27:51,515 - DEBUG - The current page is 130
2018-07-05 12:28:45,571 - DEBUG - The current page is 131
2018-07-05 12:29:40,657 - DEBUG - The current page is 132
2018-07-05 12:30:34,940 - DEBUG - The current page is 133
2018-07-05 12:31:31,763 - DEBUG - The current page is 134
2018-07-05 12:32:33,265 - DEBUG - The current page is 135
2018-07-05 12:33:21,460 - DEBUG - The current page is 136
2018-07-05 12:34:23,396 - DEBUG - The current page is 137
2018-07-05 12:35:22,526 - DEBUG - The current page is 138
2018-07-05 12:36:23,202 - DEBUG - The current page is 139
2018-07-05 12:37:23,851 - DEBUG - The current page is 140
2018-07-05 12:38:26,391 - DEBUG - The current page is 141
2018-07-05 12:39:23,311 - DEBUG - The current page is 142
2018-07-05 12:40:17,861 - DEBUG - The current page is 143
2018-07-05 12:41:14,964 - DEBUG - The current page is 144
2018-07-05 12:42:20,341 - DEBUG - The current page is 145
2018-07-05 12:43:13,445 - DEBUG - The current page is 146
2018-07-05 12:44:05,794 - DEBUG - The current page is 147
2018-07-05 12:44:56,611 - DEBUG - The current page is 148
2018-07-05 12:45:53,070 - DEBUG - The current page is 149
2018-07-05 12:46:50,749 - DEBUG - The current page is 150
2018-07-05 12:47:48,154 - DEBUG - The current page is 151
2018-07-05 12:48:42,464 - DEBUG - The current page is 152
2018-07-05 12:49:40,770 - DEBUG - The current page is 153
2018-07-05 12:50:31,053 - DEBUG - The current page is 154
2018-07-05 12:51:19,930 - DEBUG - The current page is 155
2018-07-05 12:52:21,694 - DEBUG - The current page is 156
2018-07-05 12:53:23,575 - DEBUG - The current page is 157
2018-07-05 12:54:24,774 - DEBUG - The current page is 158
2018-07-05 12:55:22,660 - DEBUG - The current page is 159
2018-07-05 12:56:15,179 - DEBUG - The current page is 160
2018-07-05 12:57:11,318 - DEBUG - The current page is 161
2018-07-05 12:58:07,649 - DEBUG - The current page is 162
2018-07-05 12:58:58,931 - DEBUG - The current page is 163
2018-07-05 12:59:53,190 - DEBUG - The current page is 164
2018-07-05 13:00:44,891 - DEBUG - The current page is 165
2018-07-05 13:01:45,253 - DEBUG - The current page is 166
2018-07-05 13:02:36,527 - DEBUG - The current page is 167
2018-07-05 13:03:30,313 - DEBUG - The current page is 168
2018-07-05 13:04:23,358 - DEBUG - The current page is 169
2018-07-05 13:05:20,537 - DEBUG - The current page is 170
2018-07-05 13:06:16,338 - DEBUG - The current page is 171
2018-07-05 13:07:13,351 - DEBUG - The current page is 172
2018-07-05 13:08:05,755 - DEBUG - The current page is 173
2018-07-05 13:09:09,011 - DEBUG - The current page is 174
2018-07-05 13:10:05,397 - DEBUG - The current page is 175
2018-07-05 13:11:01,563 - DEBUG - The current page is 176
2018-07-05 13:12:01,334 - DEBUG - The current page is 177
2018-07-05 13:12:59,296 - DEBUG - The current page is 178
2018-07-05 13:13:54,782 - DEBUG - The current page is 179
2018-07-05 13:14:48,698 - DEBUG - The current page is 180
2018-07-05 13:15:38,095 - DEBUG - The current page is 181
2018-07-05 13:16:34,234 - DEBUG - The current page is 182
2018-07-05 13:17:33,485 - DEBUG - The current page is 183
2018-07-05 13:18:33,050 - DEBUG - The current page is 184
2018-07-05 13:19:28,776 - DEBUG - The current page is 185
2018-07-05 13:20:25,866 - DEBUG - The current page is 186
2018-07-05 13:21:19,179 - DEBUG - The current page is 187
2018-07-05 13:22:12,017 - DEBUG - The current page is 188
2018-07-05 13:23:05,131 - DEBUG - The current page is 189
2018-07-05 13:23:56,643 - DEBUG - The current page is 190
2018-07-05 13:24:55,771 - DEBUG - The current page is 191
2018-07-05 13:25:50,881 - DEBUG - The current page is 192
2018-07-05 13:26:40,196 - DEBUG - The current page is 193
2018-07-05 13:27:33,842 - DEBUG - The current page is 194
2018-07-05 13:28:24,580 - DEBUG - The current page is 195
2018-07-05 13:29:18,809 - DEBUG - The current page is 196
2018-07-05 13:30:13,736 - DEBUG - The current page is 197
2018-07-05 13:31:06,238 - DEBUG - The current page is 198
2018-07-05 13:32:03,178 - DEBUG - The current page is 199
2018-07-05 13:33:04,396 - DEBUG - The current page is 200
2018-07-05 13:34:01,158 - DEBUG - The current page is 201
2018-07-05 13:34:59,144 - DEBUG - The current page is 202
2018-07-05 13:35:55,435 - DEBUG - The current page is 203
2018-07-05 13:36:47,211 - DEBUG - The current page is 204
2018-07-05 13:37:39,349 - DEBUG - The current page is 205
2018-07-05 13:38:28,542 - DEBUG - The current page is 206
2018-07-05 13:39:23,940 - DEBUG - The current page is 207
2018-07-05 13:40:19,333 - DEBUG - The current page is 208
2018-07-05 13:41:11,090 - DEBUG - The current page is 209
2018-07-05 13:42:08,797 - DEBUG - The current page is 210
2018-07-05 13:42:58,565 - DEBUG - The current page is 211
2018-07-05 13:43:57,730 - DEBUG - The current page is 212
2018-07-05 13:44:54,151 - DEBUG - The current page is 213
2018-07-05 13:45:52,375 - DEBUG - The current page is 214
2018-07-05 13:46:44,510 - DEBUG - The current page is 215
2018-07-05 13:47:38,372 - DEBUG - The current page is 216
2018-07-05 13:48:27,717 - DEBUG - The current page is 217
2018-07-05 13:49:19,196 - DEBUG - The current page is 218
2018-07-05 13:50:11,692 - DEBUG - The current page is 219
2018-07-05 13:51:02,482 - DEBUG - The current page is 220
2018-07-05 13:51:55,262 - DEBUG - The current page is 221
2018-07-05 13:52:52,093 - DEBUG - The current page is 222
2018-07-05 13:53:44,256 - DEBUG - The current page is 223
2018-07-05 13:54:39,993 - DEBUG - The current page is 224
2018-07-05 13:55:29,253 - DEBUG - The current page is 225
2018-07-05 13:56:25,644 - DEBUG - The current page is 226
2018-07-05 13:57:19,503 - DEBUG - The current page is 227
2018-07-05 13:58:11,314 - DEBUG - The current page is 228
2018-07-05 13:59:04,941 - DEBUG - The current page is 229
2018-07-05 14:00:02,726 - DEBUG - The current page is 230
2018-07-05 14:01:01,690 - DEBUG - The current page is 231
2018-07-05 14:01:55,129 - DEBUG - The current page is 232
2018-07-05 14:02:48,532 - DEBUG - The current page is 233
2018-07-05 14:03:46,650 - DEBUG - The current page is 234
2018-07-05 14:04:45,088 - DEBUG - The current page is 235
2018-07-05 14:05:42,506 - DEBUG - The current page is 236
2018-07-05 14:06:40,427 - DEBUG - The current page is 237
2018-07-05 14:07:33,516 - DEBUG - The current page is 238
2018-07-05 14:08:33,902 - DEBUG - The current page is 239
2018-07-05 14:09:22,603 - DEBUG - The current page is 240
2018-07-05 14:10:16,769 - DEBUG - The current page is 241
2018-07-05 14:11:05,824 - DEBUG - The current page is 242
2018-07-05 14:12:02,313 - DEBUG - The current page is 243
2018-07-05 14:13:02,478 - DEBUG - The current page is 244
2018-07-05 14:14:05,059 - DEBUG - The current page is 245
2018-07-05 14:15:02,962 - DEBUG - The current page is 246
2018-07-05 14:16:00,914 - DEBUG - The current page is 247
2018-07-05 14:16:57,764 - DEBUG - The current page is 248
2018-07-05 14:17:55,101 - DEBUG - The current page is 249
2018-07-05 14:18:52,684 - DEBUG - The current page is 250
2018-07-05 14:19:41,247 - DEBUG - The current page is 251
2018-07-05 14:20:38,473 - DEBUG - The current page is 252
2018-07-05 14:21:38,874 - DEBUG - The current page is 253
2018-07-05 14:22:40,495 - DEBUG - The current page is 254
2018-07-05 14:23:42,477 - DEBUG - The current page is 255
2018-07-05 14:24:35,821 - DEBUG - The current page is 256
2018-07-05 14:25:43,502 - DEBUG - The current page is 257
2018-07-05 14:26:46,480 - DEBUG - The current page is 258
2018-07-05 14:27:45,041 - DEBUG - The current page is 259
2018-07-05 14:28:42,473 - DEBUG - The current page is 260
2018-07-05 14:29:33,773 - DEBUG - The current page is 261
2018-07-05 14:30:19,863 - DEBUG - The current page is 262
2018-07-05 14:31:15,392 - DEBUG - The current page is 263
2018-07-05 14:32:18,494 - DEBUG - The current page is 264
2018-07-05 14:33:14,415 - DEBUG - The current page is 265
2018-07-05 14:34:10,820 - DEBUG - The current page is 266
2018-07-05 14:35:04,315 - DEBUG - The current page is 267
2018-07-05 14:35:58,237 - DEBUG - The current page is 268
2018-07-05 14:36:57,084 - DEBUG - The current page is 269
2018-07-05 14:37:56,975 - DEBUG - The current page is 270
2018-07-05 14:38:47,663 - DEBUG - The current page is 271
2018-07-05 14:39:41,161 - DEBUG - The current page is 272
2018-07-05 14:40:42,422 - DEBUG - The current page is 273
2018-07-05 14:41:41,269 - DEBUG - The current page is 274
2018-07-05 14:42:35,720 - DEBUG - The current page is 275
2018-07-05 14:43:35,756 - DEBUG - The current page is 276
2018-07-05 14:44:31,969 - DEBUG - The current page is 277
2018-07-05 14:45:22,593 - DEBUG - The current page is 278
2018-07-05 14:46:16,505 - DEBUG - The current page is 279
2018-07-05 14:47:08,806 - DEBUG - The current page is 280
2018-07-05 14:48:00,136 - DEBUG - The current page is 281
2018-07-05 14:48:52,712 - DEBUG - The current page is 282
2018-07-05 14:49:51,292 - DEBUG - The current page is 283
2018-07-05 14:50:48,311 - DEBUG - The current page is 284
2018-07-05 14:51:42,690 - DEBUG - The current page is 285
2018-07-05 14:52:31,544 - DEBUG - The current page is 286
2018-07-05 14:53:26,635 - DEBUG - The current page is 287
2018-07-05 14:54:21,005 - DEBUG - The current page is 288
2018-07-05 14:55:20,180 - DEBUG - The current page is 289
2018-07-05 14:56:09,675 - DEBUG - The current page is 290
2018-07-05 14:57:03,525 - DEBUG - The current page is 291
2018-07-05 14:58:06,978 - DEBUG - The current page is 292
2018-07-05 14:58:57,340 - DEBUG - The current page is 293
2018-07-05 14:59:54,922 - DEBUG - The current page is 294
2018-07-05 15:00:52,820 - DEBUG - The current page is 295
2018-07-05 15:01:43,236 - DEBUG - The current page is 296
2018-07-05 15:02:34,644 - DEBUG - The current page is 297
2018-07-05 15:03:31,722 - DEBUG - The current page is 298
2018-07-05 15:04:32,320 - DEBUG - The current page is 299
2018-07-05 15:05:29,444 - DEBUG - The current page is 300
2018-07-05 15:06:31,308 - DEBUG - The current page is 301
2018-07-05 15:07:23,235 - DEBUG - The current page is 302
2018-07-05 15:08:23,031 - DEBUG - The current page is 303
2018-07-05 15:09:10,251 - DEBUG - The current page is 304
2018-07-05 15:10:04,521 - DEBUG - The current page is 305
2018-07-05 15:10:54,287 - DEBUG - The current page is 306
2018-07-05 15:11:45,972 - DEBUG - The current page is 307
2018-07-05 15:12:36,919 - DEBUG - The current page is 308
2018-07-05 15:13:32,529 - DEBUG - The current page is 309
2018-07-05 15:14:26,703 - DEBUG - The current page is 310
2018-07-05 15:15:19,637 - DEBUG - The current page is 311
2018-07-05 15:16:15,455 - DEBUG - The current page is 312
2018-07-05 15:17:10,073 - DEBUG - The current page is 313
2018-07-05 15:18:10,674 - DEBUG - The current page is 314
2018-07-05 15:19:10,024 - DEBUG - The current page is 315
2018-07-05 15:20:04,645 - DEBUG - The current page is 316
2018-07-05 15:20:54,675 - DEBUG - The current page is 317
2018-07-05 15:21:45,969 - DEBUG - The current page is 318
2018-07-05 15:22:43,873 - DEBUG - The current page is 319
2018-07-05 15:23:44,900 - DEBUG - The current page is 320
2018-07-05 15:24:36,115 - DEBUG - The current page is 321
2018-07-05 15:25:33,527 - DEBUG - The current page is 322
2018-07-05 15:26:24,914 - DEBUG - The current page is 323
2018-07-05 15:27:15,397 - DEBUG - The current page is 324
2018-07-05 15:28:05,533 - DEBUG - The current page is 325
2018-07-05 15:28:59,904 - DEBUG - The current page is 326
2018-07-05 15:29:54,031 - DEBUG - The current page is 327
2018-07-05 15:30:53,476 - DEBUG - The current page is 328
2018-07-05 15:31:41,770 - DEBUG - The current page is 329
2018-07-05 15:32:30,023 - DEBUG - The current page is 330
2018-07-05 15:33:28,511 - DEBUG - The current page is 331
2018-07-05 15:34:30,935 - DEBUG - The current page is 332
2018-07-05 15:35:33,938 - DEBUG - The current page is 333
2018-07-05 15:36:26,101 - DEBUG - The current page is 334
2018-07-05 15:37:23,226 - DEBUG - The current page is 335
2018-07-05 15:38:16,399 - DEBUG - The current page is 336
2018-07-05 15:39:09,041 - DEBUG - The current page is 337
2018-07-05 15:40:04,491 - DEBUG - The current page is 338
2018-07-05 15:40:58,972 - DEBUG - The current page is 339
2018-07-05 15:41:56,058 - DEBUG - The current page is 340
2018-07-05 15:42:49,873 - DEBUG - The current page is 341
2018-07-05 15:43:52,492 - DEBUG - The current page is 342
2018-07-05 15:44:47,993 - DEBUG - The current page is 343
2018-07-05 15:45:42,981 - DEBUG - The current page is 344
2018-07-05 15:46:35,103 - DEBUG - The current page is 345
2018-07-05 15:47:24,286 - DEBUG - The current page is 346
2018-07-05 15:48:19,665 - DEBUG - The current page is 347
2018-07-05 15:49:13,203 - DEBUG - The current page is 348
2018-07-05 15:50:06,348 - DEBUG - The current page is 349
2018-07-05 15:51:00,119 - DEBUG - The current page is 350
2018-07-05 15:51:58,787 - DEBUG - The current page is 351
2018-07-05 15:52:56,086 - DEBUG - The current page is 352
2018-07-05 15:53:52,772 - DEBUG - The current page is 353
2018-07-05 15:54:48,039 - DEBUG - The current page is 354
2018-07-05 15:55:41,163 - DEBUG - The current page is 355
2018-07-05 15:56:35,569 - DEBUG - The current page is 356
2018-07-05 15:57:33,504 - DEBUG - The current page is 357
2018-07-05 15:58:20,291 - DEBUG - The current page is 358
2018-07-05 15:59:17,186 - DEBUG - The current page is 359
2018-07-05 16:00:09,743 - DEBUG - The current page is 360
2018-07-05 16:01:01,152 - DEBUG - The current page is 361
2018-07-05 16:02:03,512 - DEBUG - The current page is 362
2018-07-05 16:03:09,517 - DEBUG - The current page is 363
2018-07-05 16:04:04,275 - DEBUG - The current page is 364
2018-07-05 16:05:00,453 - DEBUG - The current page is 365
2018-07-05 16:05:58,183 - DEBUG - The current page is 366
2018-07-05 16:07:03,190 - DEBUG - The current page is 367
2018-07-05 16:08:01,625 - DEBUG - The current page is 368
2018-07-05 16:08:55,836 - DEBUG - The current page is 369
2018-07-05 16:09:46,722 - DEBUG - The current page is 370
2018-07-05 16:10:43,082 - DEBUG - The current page is 371
2018-07-05 16:11:37,372 - DEBUG - The current page is 372
2018-07-05 16:12:31,610 - DEBUG - The current page is 373
2018-07-05 16:13:25,468 - DEBUG - The current page is 374
2018-07-05 16:14:26,588 - DEBUG - The current page is 375
2018-07-05 16:15:23,719 - DEBUG - The current page is 376
2018-07-05 16:16:22,895 - DEBUG - The current page is 377
2018-07-05 16:17:17,092 - DEBUG - The current page is 378
2018-07-05 16:18:09,625 - DEBUG - The current page is 379
2018-07-05 16:19:09,515 - DEBUG - The current page is 380
2018-07-05 16:20:06,580 - DEBUG - The current page is 381
2018-07-05 16:21:01,697 - DEBUG - The current page is 382
2018-07-05 16:21:55,853 - DEBUG - The current page is 383
2018-07-05 16:22:55,013 - DEBUG - The current page is 384
2018-07-05 16:23:48,025 - DEBUG - The current page is 385
2018-07-05 16:24:34,258 - DEBUG - The current page is 386
2018-07-05 16:25:23,054 - DEBUG - The current page is 387
2018-07-05 16:26:17,600 - DEBUG - The current page is 388
2018-07-05 16:27:13,570 - DEBUG - The current page is 389
2018-07-05 16:28:12,414 - DEBUG - The current page is 390
2018-07-05 16:29:11,281 - DEBUG - The current page is 391
2018-07-05 16:29:59,483 - DEBUG - The current page is 392
2018-07-05 16:30:49,596 - DEBUG - The current page is 393
2018-07-05 16:31:48,263 - DEBUG - The current page is 394
2018-07-05 16:32:39,199 - DEBUG - The current page is 395
2018-07-05 16:33:31,575 - DEBUG - The current page is 396
2018-07-05 16:34:22,639 - DEBUG - The current page is 397
2018-07-05 16:35:23,355 - DEBUG - The current page is 398
2018-07-05 16:36:13,495 - DEBUG - The current page is 399
2018-07-05 16:37:08,272 - DEBUG - The current page is 400
2018-07-05 16:38:01,619 - DEBUG - The current page is 401
2018-07-05 16:38:59,272 - DEBUG - The current page is 402
2018-07-05 16:39:49,274 - DEBUG - The current page is 403
2018-07-05 16:40:41,177 - DEBUG - The current page is 404
2018-07-05 16:41:33,232 - DEBUG - The current page is 405
2018-07-05 16:42:30,835 - DEBUG - The current page is 406
2018-07-05 16:43:22,700 - DEBUG - The current page is 407
2018-07-05 16:44:17,315 - DEBUG - The current page is 408
2018-07-05 16:45:13,583 - DEBUG - The current page is 409
2018-07-05 16:46:10,284 - DEBUG - The current page is 410
2018-07-05 16:47:05,644 - DEBUG - The current page is 411
2018-07-05 16:48:01,929 - DEBUG - The current page is 412
2018-07-05 16:48:57,491 - DEBUG - The current page is 413
2018-07-05 16:49:55,913 - DEBUG - The current page is 414
2018-07-05 16:50:48,163 - DEBUG - The current page is 415
2018-07-05 16:51:49,524 - DEBUG - The current page is 416
2018-07-05 16:52:51,658 - DEBUG - The current page is 417
2018-07-05 16:53:52,518 - DEBUG - The current page is 418
2018-07-05 16:54:56,747 - DEBUG - The current page is 419
2018-07-05 16:56:02,539 - DEBUG - The current page is 420
2018-07-05 16:57:06,060 - DEBUG - The current page is 421
2018-07-05 16:58:05,977 - DEBUG - The current page is 422
2018-07-05 16:59:00,958 - DEBUG - The current page is 423
2018-07-05 16:59:57,641 - DEBUG - The current page is 424
2018-07-05 17:01:01,284 - DEBUG - The current page is 425
2018-07-05 17:02:00,681 - DEBUG - The current page is 426
2018-07-05 17:02:58,872 - DEBUG - The current page is 427
2018-07-05 17:03:59,933 - DEBUG - The current page is 428
2018-07-05 17:04:55,470 - DEBUG - The current page is 429
2018-07-05 17:05:49,274 - DEBUG - The current page is 430
2018-07-05 17:06:42,557 - DEBUG - The current page is 431
2018-07-05 17:07:39,879 - DEBUG - The current page is 432
2018-07-05 17:08:37,431 - DEBUG - The current page is 433
2018-07-05 17:09:27,067 - DEBUG - The current page is 434
2018-07-05 17:10:19,795 - DEBUG - The current page is 435
2018-07-05 17:11:20,836 - DEBUG - The current page is 436
2018-07-05 17:12:23,972 - DEBUG - The current page is 437
2018-07-05 17:13:26,259 - DEBUG - The current page is 438
2018-07-05 17:14:26,134 - DEBUG - The current page is 439
2018-07-05 17:15:20,314 - DEBUG - The current page is 440
2018-07-05 17:16:19,464 - DEBUG - The current page is 441
2018-07-05 17:17:14,126 - DEBUG - The current page is 442
2018-07-05 17:18:10,697 - DEBUG - The current page is 443
2018-07-05 17:19:06,428 - DEBUG - The current page is 444
2018-07-05 17:20:00,975 - DEBUG - The current page is 445
2018-07-05 17:20:47,610 - DEBUG - The current page is 446
2018-07-05 17:21:43,579 - DEBUG - The current page is 447
2018-07-05 17:22:34,049 - DEBUG - The current page is 448
2018-07-05 17:23:24,857 - DEBUG - The current page is 449
2018-07-05 17:24:21,280 - DEBUG - The current page is 450
2018-07-05 17:25:13,488 - DEBUG - The current page is 451
2018-07-05 17:26:05,388 - DEBUG - The current page is 452
2018-07-05 17:27:00,565 - DEBUG - The current page is 453
2018-07-05 17:27:51,296 - DEBUG - The current page is 454
2018-07-05 17:28:46,768 - DEBUG - The current page is 455
2018-07-05 17:29:38,961 - DEBUG - The current page is 456
2018-07-05 17:30:35,436 - DEBUG - The current page is 457
2018-07-05 17:31:27,392 - DEBUG - The current page is 458
2018-07-05 17:32:19,346 - DEBUG - The current page is 459
2018-07-05 17:33:13,436 - DEBUG - The current page is 460
2018-07-05 17:34:01,288 - DEBUG - The current page is 461
2018-07-05 17:34:52,347 - DEBUG - The current page is 462
2018-07-05 17:35:44,006 - DEBUG - The current page is 463
2018-07-05 17:36:33,947 - DEBUG - The current page is 464
2018-07-05 17:37:27,947 - DEBUG - The current page is 465
2018-07-05 17:38:19,845 - DEBUG - The current page is 466
2018-07-05 17:39:10,205 - DEBUG - The current page is 467
2018-07-05 17:40:05,315 - DEBUG - The current page is 468
2018-07-05 17:41:00,929 - DEBUG - The current page is 469
2018-07-05 17:41:58,163 - DEBUG - The current page is 470
2018-07-05 17:42:52,925 - DEBUG - The current page is 471
2018-07-05 17:43:51,982 - DEBUG - The current page is 472
2018-07-05 17:44:44,047 - DEBUG - The current page is 473
2018-07-05 17:45:38,500 - DEBUG - The current page is 474
2018-07-05 17:46:30,297 - DEBUG - The current page is 475
2018-07-05 17:47:23,705 - DEBUG - The current page is 476
2018-07-05 17:48:14,630 - DEBUG - The current page is 477
2018-07-05 17:49:08,598 - DEBUG - The current page is 478
2018-07-05 17:50:04,388 - DEBUG - The current page is 479
2018-07-05 17:50:59,534 - DEBUG - The current page is 480
2018-07-05 17:51:52,918 - DEBUG - The current page is 481
2018-07-05 17:52:56,421 - DEBUG - The current page is 482
2018-07-05 17:53:52,052 - DEBUG - The current page is 483
2018-07-05 17:54:48,641 - DEBUG - The current page is 484
2018-07-05 17:55:37,442 - DEBUG - The current page is 485
2018-07-05 17:56:30,066 - DEBUG - The current page is 486
2018-07-05 17:57:24,118 - DEBUG - The current page is 487
2018-07-05 17:58:14,942 - DEBUG - The current page is 488
2018-07-05 17:59:02,998 - DEBUG - The current page is 489
2018-07-05 17:59:55,701 - DEBUG - The current page is 490
2018-07-05 18:00:50,894 - DEBUG - The current page is 491
2018-07-05 18:01:46,491 - DEBUG - The current page is 492
2018-07-05 18:02:42,411 - DEBUG - The current page is 493
2018-07-05 18:03:29,698 - DEBUG - The current page is 494
2018-07-05 18:04:16,700 - DEBUG - The current page is 495
2018-07-05 18:05:13,930 - DEBUG - The current page is 496
2018-07-05 18:06:08,462 - DEBUG - The current page is 497
2018-07-05 18:06:58,844 - DEBUG - The current page is 498
2018-07-05 18:07:51,861 - DEBUG - The current page is 499
Traceback (most recent call last):
  File "test.py", line 92, in <module>
    pool.map(saveQuestion, questionList)
  File "/usr/lib64/python3.6/multiprocessing/pool.py", line 266, in map
    return self._map_async(func, iterable, mapstar, chunksize).get()
  File "/usr/lib64/python3.6/multiprocessing/pool.py", line 644, in get
    raise self._value
  File "/usr/lib64/python3.6/multiprocessing/pool.py", line 119, in worker
    result = (True, func(*args, **kwds))
  File "/usr/lib64/python3.6/multiprocessing/pool.py", line 44, in mapstar
    return list(map(*args))
  File "test.py", line 69, in saveQuestion
    'span', {'class': 'relativetime'})['title']
TypeError: 'NoneType' object is not subscriptable
